[main] [2026-02-12T20:11:55.599188Z] [INFO] Initializing coin monitor and waiting for complete data...
[ForkJoinPool.commonPool-worker-1] [2026-02-12T20:12:08.376382Z] [INFO] (CoinVector)
+------+-------------------------------------------------------+
| Coin | Value                                                 |
+------+-------------------------------------------------------+
| ETH  | [BYBIT, KUCOIN, OKX, WHITEBIT, BITGET, BINANCE, GATE] |
| BNB  | [WHITEBIT, OKX, BYBIT, BITGET, KUCOIN, BINANCE, GATE] |
| XRP  | [WHITEBIT, BITGET, OKX, KUCOIN, BYBIT, GATE, BINANCE] |
| SOL  | [BYBIT, KUCOIN, WHITEBIT, OKX, BITGET, GATE, BINANCE] |
| ADA  | [BYBIT, OKX, KUCOIN, BITGET, WHITEBIT, GATE, BINANCE] |
| DOGE | [BYBIT, WHITEBIT, KUCOIN, OKX, BITGET, GATE, BINANCE] |
| TRX  | [BYBIT, KUCOIN, WHITEBIT, OKX, BITGET, GATE, BINANCE] |
| DOT  | [BYBIT, OKX, KUCOIN, WHITEBIT, BITGET, GATE, BINANCE] |
| LTC  | [BYBIT, KUCOIN, OKX, BITGET, WHITEBIT, GATE, BINANCE] |
| BCH  | [BYBIT, KUCOIN, OKX, WHITEBIT, BITGET, GATE, BINANCE] |
| LINK | [KUCOIN, WHITEBIT, BYBIT, OKX, BITGET, GATE, BINANCE] |
| XLM  | [WHITEBIT, OKX, BITGET, KUCOIN, BYBIT, GATE, BINANCE] |
| AVAX | [BYBIT, KUCOIN, OKX, GATE, WHITEBIT, BITGET, BINANCE] |
| ATOM | [WHITEBIT, GATE, BYBIT, KUCOIN, OKX, BITGET, BINANCE] |
| ETC  | [BYBIT, OKX, GATE, WHITEBIT, KUCOIN, BITGET, BINANCE] |
| UNI  | [GATE, BYBIT, WHITEBIT, OKX, KUCOIN, BITGET, BINANCE] |
| ICP  | [WHITEBIT, BYBIT, OKX, KUCOIN, BITGET, GATE, BINANCE] |
| HBAR | [BYBIT, OKX, KUCOIN, BITGET, WHITEBIT, GATE, BINANCE] |
+------+-------------------------------------------------------+
[Grizzly(2)] [2026-02-12T20:13:02.776533Z] [WARN] CloseReason[1006,Closed abnormally.] on wss://ws-api-futures.kucoin.com/?token=2neAiuYvAU61ZDXANAGAsiL4-iAExhsBXZxftpOeh_55i3Ysy2q2LEsEWU64mdzUOPusi34M_wGoSf7iNyEWJ01Amvb24tYD4gtySBq7sWsHPf5J4BX8BdiYB9J6i9GjsxUuhPw3Blq6rhZlGykT3Vp1phUafnulOOpts-MEmEF6qqJJscM1d4hDEK64UPv9JBvJHl5Vs9Y=.pRNohGHmppIfBKw77v8v5w==&connectId=1de31b71-91b9-49b8-a94f-ae315843358b
[main] [2026-02-12T20:13:08.437793Z] [INFO] Coin monitor initialized successfully with complete data. Starting arbitrage logic...
[main] [2026-02-12T20:13:08.444940Z] [INFO] WebSocket closed normally as requested.
[main] [2026-02-12T20:13:08.447855Z] [WARN] CloseReason[1000] on wss://fstream.binance.com/ws
[main] [2026-02-12T20:13:08.456046Z] [INFO] WebSocket closed normally as requested.
[main] [2026-02-12T20:13:08.456345Z] [WARN] CloseReason[1000] on wss://ws-api-futures.kucoin.com/?token=2neAiuYvAU61ZDXANAGAsiL4-iAExhsBXZxftpOeh_55i3Ysy2q2LEsEWU64mdzUOPusi34M_wGoSf7iNyEWJ01Amvb24tYDWodgK1afP4ZhT4oL1tx36NiYB9J6i9GjsxUuhPw3Blq6rhZlGykT3Vp1phUafnulOOpts-MEmEF6qqJJscM1d7ONOVfl6EEYJBvJHl5Vs9Y=.luAvgDGAB-5Q6VijyW-1lA==&connectId=70b68034-3815-43a4-a383-b659bbe2e59f
[main] [2026-02-12T20:13:08.458024Z] [INFO] WebSocket closed normally as requested.
[main] [2026-02-12T20:13:08.458643Z] [WARN] CloseReason[1000] on wss://ws.bitget.com/v2/ws/public
[main] [2026-02-12T20:13:08.460219Z] [INFO] WebSocket closed normally as requested.
[main] [2026-02-12T20:13:08.460488Z] [WARN] CloseReason[1000] on wss://stream.bybit.com/v5/public/linear
[main] [2026-02-12T20:13:08.461435Z] [INFO] WebSocket closed normally as requested.
[main] [2026-02-12T20:13:08.461578Z] [WARN] CloseReason[1000] on wss://ws.okx.com:8443/ws/v5/public
[main] [2026-02-12T20:13:08.462108Z] [INFO] WebSocket closed normally as requested.
[main] [2026-02-12T20:13:08.462173Z] [WARN] CloseReason[1000] on wss://api.whitebit.com/ws
[main] [2026-02-12T20:13:08.463508Z] [INFO] WebSocket closed normally as requested.
[main] [2026-02-12T20:13:08.463646Z] [WARN] CloseReason[1000] on wss://fx-ws.gateio.ws/v4/ws/usdt
